<?xml version="1.0" encoding="UTF-8"?>
<testsuite name="com.example.pagination.PaginationStratergyApplicationTests" tests="1" skipped="0" failures="0" errors="0" timestamp="2025-04-15T14:23:17" hostname="DESKTOP-SEQMCGF" time="1.102">
  <properties/>
  <testcase name="contextLoads()" classname="com.example.pagination.PaginationStratergyApplicationTests" time="1.102"/>
  <system-out><![CDATA[15:23:14.753 [Test worker] INFO org.springframework.test.context.support.AnnotationConfigContextLoaderUtils -- Could not detect default configuration classes for test class [com.example.pagination.PaginationStratergyApplicationTests]: PaginationStratergyApplicationTests does not declare any static, non-private, non-final, nested classes annotated with @Configuration.
15:23:15.035 [Test worker] INFO org.springframework.boot.test.context.SpringBootTestContextBootstrapper -- Found @SpringBootConfiguration com.example.pagination.PaginationStratergyApplication for test class com.example.pagination.PaginationStratergyApplicationTests

  .   ____          _            __ _ _
 /\\ / ___'_ __ _ _(_)_ __  __ _ \ \ \ \
( ( )\___ | '_ | '_| | '_ \/ _` | \ \ \ \
 \\/  ___)| |_)| | | | | || (_| |  ) ) ) )
  '  |____| .__|_| |_|_| |_\__, | / / / /
 =========|_|==============|___/=/_/_/_/

 :: Spring Boot ::                (v3.4.4)

2025-04-15T15:23:15.710+01:00  INFO 11576 --- [PaginationStratergy] [    Test worker] .e.p.PaginationStratergyApplicationTests : Starting PaginationStratergyApplicationTests using Java 23.0.2 with PID 11576 (started by shrik in C:\Users\shrik\OneDrive\Documents\JOBS\Oprn-Source Contributions\pagination\pagination)
2025-04-15T15:23:15.712+01:00  INFO 11576 --- [PaginationStratergy] [    Test worker] .e.p.PaginationStratergyApplicationTests : No active profile set, falling back to 1 default profile: "default"
2025-04-15T15:23:17.568+01:00  INFO 11576 --- [PaginationStratergy] [    Test worker] .e.p.PaginationStratergyApplicationTests : Started PaginationStratergyApplicationTests in 2.215 seconds (process running for 4.701)
]]></system-out>
  <system-err><![CDATA[Mockito is currently self-attaching to enable the inline-mock-maker. This will no longer work in future releases of the JDK. Please add Mockito as an agent to your build what is described in Mockito's documentation: https://javadoc.io/doc/org.mockito/mockito-core/latest/org/mockito/Mockito.html#0.3
WARNING: A Java agent has been loaded dynamically (C:\Users\shrik\.gradle\caches\modules-2\files-2.1\net.bytebuddy\byte-buddy-agent\1.15.11\a38b16385e867f59a641330f0362ebe742788ed8\byte-buddy-agent-1.15.11.jar)
WARNING: If a serviceability tool is in use, please run with -XX:+EnableDynamicAgentLoading to hide this warning
WARNING: If a serviceability tool is not in use, please run with -Djdk.instrument.traceUsage for more information
WARNING: Dynamic loading of agents will be disallowed by default in a future release
]]></system-err>
</testsuite>
